<?xml version='1.0' encoding='UTF-8'?>
<testsuite hostname="MacLubo" name="com.example.UserRoutesSpec" tests="3" errors="0" failures="0" skipped="0" time="0.547" timestamp="2020-06-19T14:37:33">
                     <properties>
[...]
</properties>
                     <testcase classname="com.example.UserRoutesSpec" name="UserRoutes should return no users if no present (GET /users)" time="0.469">
                                                 
                                               </testcase><testcase classname="com.example.UserRoutesSpec" name="UserRoutes should be able to add users (POST /users)" time="0.069">
                                                 
                                               </testcase><testcase classname="com.example.UserRoutesSpec" name="UserRoutes should be able to remove users (DELETE /users)" time="0.009">
                                                 
                                               </testcase>
                     <system-out><![CDATA[]]></system-out>
                     <system-err><![CDATA[]]></system-err>
                   </testsuite>